nohup: ignoring input
 * Serving Flask app 'app'
 * Debug mode: on
[31m[1mWARNING: This is a development server. Do not use it in a production deployment. Use a production WSGI server instead.[0m
 * Running on all addresses (0.0.0.0)
 * Running on http://127.0.0.1:5000
 * Running on http://172.20.60.36:5000
[33mPress CTRL+C to quit[0m
 * Restarting with stat
 * Debugger is active!
 * Debugger PIN: 452-231-404
160.30.209.125 - - [14/Mar/2026 07:11:04] "[35m[1mGET /api/signals HTTP/1.1[0m" 500 -
160.30.209.125 - - [14/Mar/2026 07:11:04] "[35m[1mGET /api/history HTTP/1.1[0m" 500 -
Traceback (most recent call last):
  File "/home/admin/Finpolaris-stock-trace-server/venv/lib/python3.12/site-packages/flask/app.py", line 1536, in __call__
    return self.wsgi_app(environ, start_response)
           ^^^^^^^^^^^^^^^^^^^^^^^^^^^^^^^^^^^^^^
  File "/home/admin/Finpolaris-stock-trace-server/venv/lib/python3.12/site-packages/flask/app.py", line 1514, in wsgi_app
    response = self.handle_exception(e)
               ^^^^^^^^^^^^^^^^^^^^^^^^
  File "/home/admin/Finpolaris-stock-trace-server/venv/lib/python3.12/site-packages/flask_cors/extension.py", line 176, in wrapped_function
    return cors_after_request(app.make_response(f(*args, **kwargs)))
                                                ^^^^^^^^^^^^^^^^^^^^
  File "/home/admin/Finpolaris-stock-trace-server/venv/lib/python3.12/site-packages/flask/app.py", line 1511, in wsgi_app
    response = self.full_dispatch_request()
               ^^^^^^^^^^^^^^^^^^^^^^^^^^^^
  File "/home/admin/Finpolaris-stock-trace-server/venv/lib/python3.12/site-packages/flask/app.py", line 919, in full_dispatch_request
    rv = self.handle_user_exception(e)
         ^^^^^^^^^^^^^^^^^^^^^^^^^^^^^
  File "/home/admin/Finpolaris-stock-trace-server/venv/lib/python3.12/site-packages/flask_cors/extension.py", line 176, in wrapped_function
    return cors_after_request(app.make_response(f(*args, **kwargs)))
                                                ^^^^^^^^^^^^^^^^^^^^
  File "/home/admin/Finpolaris-stock-trace-server/venv/lib/python3.12/site-packages/flask/app.py", line 917, in full_dispatch_request
    rv = self.dispatch_request()
         ^^^^^^^^^^^^^^^^^^^^^^^
  File "/home/admin/Finpolaris-stock-trace-server/venv/lib/python3.12/site-packages/flask/app.py", line 902, in dispatch_request
    return self.ensure_sync(self.view_functions[rule.endpoint])(**view_args)  # type: ignore[no-any-return]
           ^^^^^^^^^^^^^^^^^^^^^^^^^^^^^^^^^^^^^^^^^^^^^^^^^^^^^^^^^^^^^^^^^^^^^^^^^^^^^^^^^^^^^^^^^^^^^^^^
  File "/home/admin/Finpolaris-stock-trace-server/app.py", line 230, in get_signals
    conn = get_db_connection()
           ^^^^^^^^^^^^^^^^^^^
  File "/home/admin/Finpolaris-stock-trace-server/app.py", line 29, in get_db_connection
    return pymysql.connect(**DB_CONFIG)
           ^^^^^^^^^^^^^^^^^^^^^^^^^^^^
  File "/home/admin/Finpolaris-stock-trace-server/venv/lib/python3.12/site-packages/pymysql/connections.py", line 365, in __init__
    self.connect()
  File "/home/admin/Finpolaris-stock-trace-server/venv/lib/python3.12/site-packages/pymysql/connections.py", line 680, in connect
    self._get_server_information()
  File "/home/admin/Finpolaris-stock-trace-server/venv/lib/python3.12/site-packages/pymysql/connections.py", line 1099, in _get_server_information
    packet = self._read_packet()
             ^^^^^^^^^^^^^^^^^^^
  File "/home/admin/Finpolaris-stock-trace-server/venv/lib/python3.12/site-packages/pymysql/connections.py", line 782, in _read_packet
    packet.raise_for_error()
  File "/home/admin/Finpolaris-stock-trace-server/venv/lib/python3.12/site-packages/pymysql/protocol.py", line 219, in raise_for_error
    err.raise_mysql_exception(self._data)
  File "/home/admin/Finpolaris-stock-trace-server/venv/lib/python3.12/site-packages/pymysql/err.py", line 150, in raise_mysql_exception
    raise errorclass(errno, errval)
pymysql.err.OperationalError: (1130, "Host 'iZt4nf2srvr8evpn8odxh0Z' is not allowed to connect to this MySQL server")
Traceback (most recent call last):
  File "/home/admin/Finpolaris-stock-trace-server/venv/lib/python3.12/site-packages/flask/app.py", line 1536, in __call__
    return self.wsgi_app(environ, start_response)
           ^^^^^^^^^^^^^^^^^^^^^^^^^^^^^^^^^^^^^^
  File "/home/admin/Finpolaris-stock-trace-server/venv/lib/python3.12/site-packages/flask/app.py", line 1514, in wsgi_app
    response = self.handle_exception(e)
               ^^^^^^^^^^^^^^^^^^^^^^^^
  File "/home/admin/Finpolaris-stock-trace-server/venv/lib/python3.12/site-packages/flask_cors/extension.py", line 176, in wrapped_function
    return cors_after_request(app.make_response(f(*args, **kwargs)))
                                                ^^^^^^^^^^^^^^^^^^^^
  File "/home/admin/Finpolaris-stock-trace-server/venv/lib/python3.12/site-packages/flask/app.py", line 1511, in wsgi_app
    response = self.full_dispatch_request()
               ^^^^^^^^^^^^^^^^^^^^^^^^^^^^
  File "/home/admin/Finpolaris-stock-trace-server/venv/lib/python3.12/site-packages/flask/app.py", line 919, in full_dispatch_request
    rv = self.handle_user_exception(e)
         ^^^^^^^^^^^^^^^^^^^^^^^^^^^^^
  File "/home/admin/Finpolaris-stock-trace-server/venv/lib/python3.12/site-packages/flask_cors/extension.py", line 176, in wrapped_function
    return cors_after_request(app.make_response(f(*args, **kwargs)))
                                                ^^^^^^^^^^^^^^^^^^^^
  File "/home/admin/Finpolaris-stock-trace-server/venv/lib/python3.12/site-packages/flask/app.py", line 917, in full_dispatch_request
    rv = self.dispatch_request()
         ^^^^^^^^^^^^^^^^^^^^^^^
  File "/home/admin/Finpolaris-stock-trace-server/venv/lib/python3.12/site-packages/flask/app.py", line 902, in dispatch_request
    return self.ensure_sync(self.view_functions[rule.endpoint])(**view_args)  # type: ignore[no-any-return]
           ^^^^^^^^^^^^^^^^^^^^^^^^^^^^^^^^^^^^^^^^^^^^^^^^^^^^^^^^^^^^^^^^^^^^^^^^^^^^^^^^^^^^^^^^^^^^^^^^
  File "/home/admin/Finpolaris-stock-trace-server/app.py", line 215, in get_history
    conn = get_db_connection()
           ^^^^^^^^^^^^^^^^^^^
  File "/home/admin/Finpolaris-stock-trace-server/app.py", line 29, in get_db_connection
    return pymysql.connect(**DB_CONFIG)
           ^^^^^^^^^^^^^^^^^^^^^^^^^^^^
  File "/home/admin/Finpolaris-stock-trace-server/venv/lib/python3.12/site-packages/pymysql/connections.py", line 365, in __init__
    self.connect()
  File "/home/admin/Finpolaris-stock-trace-server/venv/lib/python3.12/site-packages/pymysql/connections.py", line 680, in connect
    self._get_server_information()
  File "/home/admin/Finpolaris-stock-trace-server/venv/lib/python3.12/site-packages/pymysql/connections.py", line 1099, in _get_server_information
    packet = self._read_packet()
             ^^^^^^^^^^^^^^^^^^^
  File "/home/admin/Finpolaris-stock-trace-server/venv/lib/python3.12/site-packages/pymysql/connections.py", line 782, in _read_packet
    packet.raise_for_error()
  File "/home/admin/Finpolaris-stock-trace-server/venv/lib/python3.12/site-packages/pymysql/protocol.py", line 219, in raise_for_error
    err.raise_mysql_exception(self._data)
  File "/home/admin/Finpolaris-stock-trace-server/venv/lib/python3.12/site-packages/pymysql/err.py", line 150, in raise_mysql_exception
    raise errorclass(errno, errval)
pymysql.err.OperationalError: (1130, "Host 'iZt4nf2srvr8evpn8odxh0Z' is not allowed to connect to this MySQL server")
160.30.209.125 - - [14/Mar/2026 07:11:04] "[35m[1mGET /api/positions HTTP/1.1[0m" 500 -
Traceback (most recent call last):
  File "/home/admin/Finpolaris-stock-trace-server/venv/lib/python3.12/site-packages/flask/app.py", line 1536, in __call__
    return self.wsgi_app(environ, start_response)
           ^^^^^^^^^^^^^^^^^^^^^^^^^^^^^^^^^^^^^^
  File "/home/admin/Finpolaris-stock-trace-server/venv/lib/python3.12/site-packages/flask/app.py", line 1514, in wsgi_app
    response = self.handle_exception(e)
               ^^^^^^^^^^^^^^^^^^^^^^^^
  File "/home/admin/Finpolaris-stock-trace-server/venv/lib/python3.12/site-packages/flask_cors/extension.py", line 176, in wrapped_function
    return cors_after_request(app.make_response(f(*args, **kwargs)))
                                                ^^^^^^^^^^^^^^^^^^^^
  File "/home/admin/Finpolaris-stock-trace-server/venv/lib/python3.12/site-packages/flask/app.py", line 1511, in wsgi_app
    response = self.full_dispatch_request()
               ^^^^^^^^^^^^^^^^^^^^^^^^^^^^
  File "/home/admin/Finpolaris-stock-trace-server/venv/lib/python3.12/site-packages/flask/app.py", line 919, in full_dispatch_request
    rv = self.handle_user_exception(e)
         ^^^^^^^^^^^^^^^^^^^^^^^^^^^^^
  File "/home/admin/Finpolaris-stock-trace-server/venv/lib/python3.12/site-packages/flask_cors/extension.py", line 176, in wrapped_function
    return cors_after_request(app.make_response(f(*args, **kwargs)))
                                                ^^^^^^^^^^^^^^^^^^^^
  File "/home/admin/Finpolaris-stock-trace-server/venv/lib/python3.12/site-packages/flask/app.py", line 917, in full_dispatch_request
    rv = self.dispatch_request()
         ^^^^^^^^^^^^^^^^^^^^^^^
  File "/home/admin/Finpolaris-stock-trace-server/venv/lib/python3.12/site-packages/flask/app.py", line 902, in dispatch_request
    return self.ensure_sync(self.view_functions[rule.endpoint])(**view_args)  # type: ignore[no-any-return]
           ^^^^^^^^^^^^^^^^^^^^^^^^^^^^^^^^^^^^^^^^^^^^^^^^^^^^^^^^^^^^^^^^^^^^^^^^^^^^^^^^^^^^^^^^^^^^^^^^
  File "/home/admin/Finpolaris-stock-trace-server/app.py", line 202, in get_positions
    conn = get_db_connection()
           ^^^^^^^^^^^^^^^^^^^
  File "/home/admin/Finpolaris-stock-trace-server/app.py", line 29, in get_db_connection
    return pymysql.connect(**DB_CONFIG)
           ^^^^^^^^^^^^^^^^^^^^^^^^^^^^
  File "/home/admin/Finpolaris-stock-trace-server/venv/lib/python3.12/site-packages/pymysql/connections.py", line 365, in __init__
    self.connect()
  File "/home/admin/Finpolaris-stock-trace-server/venv/lib/python3.12/site-packages/pymysql/connections.py", line 680, in connect
    self._get_server_information()
  File "/home/admin/Finpolaris-stock-trace-server/venv/lib/python3.12/site-packages/pymysql/connections.py", line 1099, in _get_server_information
    packet = self._read_packet()
             ^^^^^^^^^^^^^^^^^^^
  File "/home/admin/Finpolaris-stock-trace-server/venv/lib/python3.12/site-packages/pymysql/connections.py", line 782, in _read_packet
    packet.raise_for_error()
  File "/home/admin/Finpolaris-stock-trace-server/venv/lib/python3.12/site-packages/pymysql/protocol.py", line 219, in raise_for_error
    err.raise_mysql_exception(self._data)
  File "/home/admin/Finpolaris-stock-trace-server/venv/lib/python3.12/site-packages/pymysql/err.py", line 150, in raise_mysql_exception
    raise errorclass(errno, errval)
pymysql.err.OperationalError: (1130, "Host 'iZt4nf2srvr8evpn8odxh0Z' is not allowed to connect to this MySQL server")
160.30.209.125 - - [14/Mar/2026 07:11:07] "OPTIONS /data_trace HTTP/1.1" 200 -
160.30.209.125 - - [14/Mar/2026 07:11:08] "[35m[1mPOST /data_trace HTTP/1.1[0m" 500 -
Traceback (most recent call last):
  File "/home/admin/Finpolaris-stock-trace-server/venv/lib/python3.12/site-packages/flask/app.py", line 1536, in __call__
    return self.wsgi_app(environ, start_response)
           ^^^^^^^^^^^^^^^^^^^^^^^^^^^^^^^^^^^^^^
  File "/home/admin/Finpolaris-stock-trace-server/venv/lib/python3.12/site-packages/flask/app.py", line 1514, in wsgi_app
    response = self.handle_exception(e)
               ^^^^^^^^^^^^^^^^^^^^^^^^
  File "/home/admin/Finpolaris-stock-trace-server/venv/lib/python3.12/site-packages/flask_cors/extension.py", line 176, in wrapped_function
    return cors_after_request(app.make_response(f(*args, **kwargs)))
                                                ^^^^^^^^^^^^^^^^^^^^
  File "/home/admin/Finpolaris-stock-trace-server/venv/lib/python3.12/site-packages/flask/app.py", line 1511, in wsgi_app
    response = self.full_dispatch_request()
               ^^^^^^^^^^^^^^^^^^^^^^^^^^^^
  File "/home/admin/Finpolaris-stock-trace-server/venv/lib/python3.12/site-packages/flask/app.py", line 919, in full_dispatch_request
    rv = self.handle_user_exception(e)
         ^^^^^^^^^^^^^^^^^^^^^^^^^^^^^
  File "/home/admin/Finpolaris-stock-trace-server/venv/lib/python3.12/site-packages/flask_cors/extension.py", line 176, in wrapped_function
    return cors_after_request(app.make_response(f(*args, **kwargs)))
                                                ^^^^^^^^^^^^^^^^^^^^
  File "/home/admin/Finpolaris-stock-trace-server/venv/lib/python3.12/site-packages/flask/app.py", line 917, in full_dispatch_request
    rv = self.dispatch_request()
         ^^^^^^^^^^^^^^^^^^^^^^^
  File "/home/admin/Finpolaris-stock-trace-server/venv/lib/python3.12/site-packages/flask/app.py", line 902, in dispatch_request
    return self.ensure_sync(self.view_functions[rule.endpoint])(**view_args)  # type: ignore[no-any-return]
           ^^^^^^^^^^^^^^^^^^^^^^^^^^^^^^^^^^^^^^^^^^^^^^^^^^^^^^^^^^^^^^^^^^^^^^^^^^^^^^^^^^^^^^^^^^^^^^^^
  File "/home/admin/Finpolaris-stock-trace-server/app.py", line 175, in data_trace
    conn = get_db_connection()
           ^^^^^^^^^^^^^^^^^^^
  File "/home/admin/Finpolaris-stock-trace-server/app.py", line 29, in get_db_connection
    return pymysql.connect(**DB_CONFIG)
           ^^^^^^^^^^^^^^^^^^^^^^^^^^^^
  File "/home/admin/Finpolaris-stock-trace-server/venv/lib/python3.12/site-packages/pymysql/connections.py", line 365, in __init__
    self.connect()
  File "/home/admin/Finpolaris-stock-trace-server/venv/lib/python3.12/site-packages/pymysql/connections.py", line 680, in connect
    self._get_server_information()
  File "/home/admin/Finpolaris-stock-trace-server/venv/lib/python3.12/site-packages/pymysql/connections.py", line 1099, in _get_server_information
    packet = self._read_packet()
             ^^^^^^^^^^^^^^^^^^^
  File "/home/admin/Finpolaris-stock-trace-server/venv/lib/python3.12/site-packages/pymysql/connections.py", line 782, in _read_packet
    packet.raise_for_error()
  File "/home/admin/Finpolaris-stock-trace-server/venv/lib/python3.12/site-packages/pymysql/protocol.py", line 219, in raise_for_error
    err.raise_mysql_exception(self._data)
  File "/home/admin/Finpolaris-stock-trace-server/venv/lib/python3.12/site-packages/pymysql/err.py", line 150, in raise_mysql_exception
    raise errorclass(errno, errval)
pymysql.err.OperationalError: (1130, "Host 'iZt4nf2srvr8evpn8odxh0Z' is not allowed to connect to this MySQL server")
160.30.209.125 - - [14/Mar/2026 07:12:01] "OPTIONS /data_trace HTTP/1.1" 200 -
160.30.209.125 - - [14/Mar/2026 07:12:02] "[35m[1mPOST /data_trace HTTP/1.1[0m" 500 -
Traceback (most recent call last):
  File "/home/admin/Finpolaris-stock-trace-server/venv/lib/python3.12/site-packages/flask/app.py", line 1536, in __call__
    return self.wsgi_app(environ, start_response)
           ^^^^^^^^^^^^^^^^^^^^^^^^^^^^^^^^^^^^^^
  File "/home/admin/Finpolaris-stock-trace-server/venv/lib/python3.12/site-packages/flask/app.py", line 1514, in wsgi_app
    response = self.handle_exception(e)
               ^^^^^^^^^^^^^^^^^^^^^^^^
  File "/home/admin/Finpolaris-stock-trace-server/venv/lib/python3.12/site-packages/flask_cors/extension.py", line 176, in wrapped_function
    return cors_after_request(app.make_response(f(*args, **kwargs)))
                                                ^^^^^^^^^^^^^^^^^^^^
  File "/home/admin/Finpolaris-stock-trace-server/venv/lib/python3.12/site-packages/flask/app.py", line 1511, in wsgi_app
    response = self.full_dispatch_request()
               ^^^^^^^^^^^^^^^^^^^^^^^^^^^^
  File "/home/admin/Finpolaris-stock-trace-server/venv/lib/python3.12/site-packages/flask/app.py", line 919, in full_dispatch_request
    rv = self.handle_user_exception(e)
         ^^^^^^^^^^^^^^^^^^^^^^^^^^^^^
  File "/home/admin/Finpolaris-stock-trace-server/venv/lib/python3.12/site-packages/flask_cors/extension.py", line 176, in wrapped_function
    return cors_after_request(app.make_response(f(*args, **kwargs)))
                                                ^^^^^^^^^^^^^^^^^^^^
  File "/home/admin/Finpolaris-stock-trace-server/venv/lib/python3.12/site-packages/flask/app.py", line 917, in full_dispatch_request
    rv = self.dispatch_request()
         ^^^^^^^^^^^^^^^^^^^^^^^
  File "/home/admin/Finpolaris-stock-trace-server/venv/lib/python3.12/site-packages/flask/app.py", line 902, in dispatch_request
    return self.ensure_sync(self.view_functions[rule.endpoint])(**view_args)  # type: ignore[no-any-return]
           ^^^^^^^^^^^^^^^^^^^^^^^^^^^^^^^^^^^^^^^^^^^^^^^^^^^^^^^^^^^^^^^^^^^^^^^^^^^^^^^^^^^^^^^^^^^^^^^^
  File "/home/admin/Finpolaris-stock-trace-server/app.py", line 175, in data_trace
    conn = get_db_connection()
           ^^^^^^^^^^^^^^^^^^^
  File "/home/admin/Finpolaris-stock-trace-server/app.py", line 29, in get_db_connection
    return pymysql.connect(**DB_CONFIG)
           ^^^^^^^^^^^^^^^^^^^^^^^^^^^^
  File "/home/admin/Finpolaris-stock-trace-server/venv/lib/python3.12/site-packages/pymysql/connections.py", line 365, in __init__
    self.connect()
  File "/home/admin/Finpolaris-stock-trace-server/venv/lib/python3.12/site-packages/pymysql/connections.py", line 680, in connect
    self._get_server_information()
  File "/home/admin/Finpolaris-stock-trace-server/venv/lib/python3.12/site-packages/pymysql/connections.py", line 1099, in _get_server_information
    packet = self._read_packet()
             ^^^^^^^^^^^^^^^^^^^
  File "/home/admin/Finpolaris-stock-trace-server/venv/lib/python3.12/site-packages/pymysql/connections.py", line 782, in _read_packet
    packet.raise_for_error()
  File "/home/admin/Finpolaris-stock-trace-server/venv/lib/python3.12/site-packages/pymysql/protocol.py", line 219, in raise_for_error
    err.raise_mysql_exception(self._data)
  File "/home/admin/Finpolaris-stock-trace-server/venv/lib/python3.12/site-packages/pymysql/err.py", line 150, in raise_mysql_exception
    raise errorclass(errno, errval)
pymysql.err.OperationalError: (1130, "Host 'iZt4nf2srvr8evpn8odxh0Z' is not allowed to connect to this MySQL server")
47.237.162.19 - - [14/Mar/2026 07:14:24] "[35m[1mGET /api/positions HTTP/1.1[0m" 500 -
Traceback (most recent call last):
  File "/home/admin/Finpolaris-stock-trace-server/venv/lib/python3.12/site-packages/flask/app.py", line 1536, in __call__
    return self.wsgi_app(environ, start_response)
           ^^^^^^^^^^^^^^^^^^^^^^^^^^^^^^^^^^^^^^
  File "/home/admin/Finpolaris-stock-trace-server/venv/lib/python3.12/site-packages/flask/app.py", line 1514, in wsgi_app
    response = self.handle_exception(e)
               ^^^^^^^^^^^^^^^^^^^^^^^^
  File "/home/admin/Finpolaris-stock-trace-server/venv/lib/python3.12/site-packages/flask_cors/extension.py", line 176, in wrapped_function
    return cors_after_request(app.make_response(f(*args, **kwargs)))
                                                ^^^^^^^^^^^^^^^^^^^^
  File "/home/admin/Finpolaris-stock-trace-server/venv/lib/python3.12/site-packages/flask/app.py", line 1511, in wsgi_app
    response = self.full_dispatch_request()
               ^^^^^^^^^^^^^^^^^^^^^^^^^^^^
  File "/home/admin/Finpolaris-stock-trace-server/venv/lib/python3.12/site-packages/flask/app.py", line 919, in full_dispatch_request
    rv = self.handle_user_exception(e)
         ^^^^^^^^^^^^^^^^^^^^^^^^^^^^^
  File "/home/admin/Finpolaris-stock-trace-server/venv/lib/python3.12/site-packages/flask_cors/extension.py", line 176, in wrapped_function
    return cors_after_request(app.make_response(f(*args, **kwargs)))
                                                ^^^^^^^^^^^^^^^^^^^^
  File "/home/admin/Finpolaris-stock-trace-server/venv/lib/python3.12/site-packages/flask/app.py", line 917, in full_dispatch_request
    rv = self.dispatch_request()
         ^^^^^^^^^^^^^^^^^^^^^^^
  File "/home/admin/Finpolaris-stock-trace-server/venv/lib/python3.12/site-packages/flask/app.py", line 902, in dispatch_request
    return self.ensure_sync(self.view_functions[rule.endpoint])(**view_args)  # type: ignore[no-any-return]
           ^^^^^^^^^^^^^^^^^^^^^^^^^^^^^^^^^^^^^^^^^^^^^^^^^^^^^^^^^^^^^^^^^^^^^^^^^^^^^^^^^^^^^^^^^^^^^^^^
  File "/home/admin/Finpolaris-stock-trace-server/app.py", line 202, in get_positions
    conn = get_db_connection()
           ^^^^^^^^^^^^^^^^^^^
  File "/home/admin/Finpolaris-stock-trace-server/app.py", line 29, in get_db_connection
    return pymysql.connect(**DB_CONFIG)
           ^^^^^^^^^^^^^^^^^^^^^^^^^^^^
  File "/home/admin/Finpolaris-stock-trace-server/venv/lib/python3.12/site-packages/pymysql/connections.py", line 365, in __init__
    self.connect()
  File "/home/admin/Finpolaris-stock-trace-server/venv/lib/python3.12/site-packages/pymysql/connections.py", line 680, in connect
    self._get_server_information()
  File "/home/admin/Finpolaris-stock-trace-server/venv/lib/python3.12/site-packages/pymysql/connections.py", line 1099, in _get_server_information
    packet = self._read_packet()
             ^^^^^^^^^^^^^^^^^^^
  File "/home/admin/Finpolaris-stock-trace-server/venv/lib/python3.12/site-packages/pymysql/connections.py", line 782, in _read_packet
    packet.raise_for_error()
  File "/home/admin/Finpolaris-stock-trace-server/venv/lib/python3.12/site-packages/pymysql/protocol.py", line 219, in raise_for_error
    err.raise_mysql_exception(self._data)
  File "/home/admin/Finpolaris-stock-trace-server/venv/lib/python3.12/site-packages/pymysql/err.py", line 150, in raise_mysql_exception
    raise errorclass(errno, errval)
pymysql.err.OperationalError: (1130, "Host 'iZt4nf2srvr8evpn8odxh0Z' is not allowed to connect to this MySQL server")
43.167.157.80 - - [14/Mar/2026 07:20:00] "GET / HTTP/1.1" 200 -
124.70.231.33 - - [14/Mar/2026 07:26:00] "OPTIONS /data_trace HTTP/1.1" 200 -
124.70.231.33 - - [14/Mar/2026 07:26:00] "[35m[1mPOST /data_trace HTTP/1.1[0m" 500 -
Traceback (most recent call last):
  File "/home/admin/Finpolaris-stock-trace-server/venv/lib/python3.12/site-packages/flask/app.py", line 1536, in __call__
    return self.wsgi_app(environ, start_response)
           ^^^^^^^^^^^^^^^^^^^^^^^^^^^^^^^^^^^^^^
  File "/home/admin/Finpolaris-stock-trace-server/venv/lib/python3.12/site-packages/flask/app.py", line 1514, in wsgi_app
    response = self.handle_exception(e)
               ^^^^^^^^^^^^^^^^^^^^^^^^
  File "/home/admin/Finpolaris-stock-trace-server/venv/lib/python3.12/site-packages/flask_cors/extension.py", line 176, in wrapped_function
    return cors_after_request(app.make_response(f(*args, **kwargs)))
                                                ^^^^^^^^^^^^^^^^^^^^
  File "/home/admin/Finpolaris-stock-trace-server/venv/lib/python3.12/site-packages/flask/app.py", line 1511, in wsgi_app
    response = self.full_dispatch_request()
               ^^^^^^^^^^^^^^^^^^^^^^^^^^^^
  File "/home/admin/Finpolaris-stock-trace-server/venv/lib/python3.12/site-packages/flask/app.py", line 919, in full_dispatch_request
    rv = self.handle_user_exception(e)
         ^^^^^^^^^^^^^^^^^^^^^^^^^^^^^
  File "/home/admin/Finpolaris-stock-trace-server/venv/lib/python3.12/site-packages/flask_cors/extension.py", line 176, in wrapped_function
    return cors_after_request(app.make_response(f(*args, **kwargs)))
                                                ^^^^^^^^^^^^^^^^^^^^
  File "/home/admin/Finpolaris-stock-trace-server/venv/lib/python3.12/site-packages/flask/app.py", line 917, in full_dispatch_request
    rv = self.dispatch_request()
         ^^^^^^^^^^^^^^^^^^^^^^^
  File "/home/admin/Finpolaris-stock-trace-server/venv/lib/python3.12/site-packages/flask/app.py", line 902, in dispatch_request
    return self.ensure_sync(self.view_functions[rule.endpoint])(**view_args)  # type: ignore[no-any-return]
           ^^^^^^^^^^^^^^^^^^^^^^^^^^^^^^^^^^^^^^^^^^^^^^^^^^^^^^^^^^^^^^^^^^^^^^^^^^^^^^^^^^^^^^^^^^^^^^^^
  File "/home/admin/Finpolaris-stock-trace-server/app.py", line 175, in data_trace
    conn = get_db_connection()
           ^^^^^^^^^^^^^^^^^^^
  File "/home/admin/Finpolaris-stock-trace-server/app.py", line 29, in get_db_connection
    return pymysql.connect(**DB_CONFIG)
           ^^^^^^^^^^^^^^^^^^^^^^^^^^^^
  File "/home/admin/Finpolaris-stock-trace-server/venv/lib/python3.12/site-packages/pymysql/connections.py", line 365, in __init__
    self.connect()
  File "/home/admin/Finpolaris-stock-trace-server/venv/lib/python3.12/site-packages/pymysql/connections.py", line 680, in connect
    self._get_server_information()
  File "/home/admin/Finpolaris-stock-trace-server/venv/lib/python3.12/site-packages/pymysql/connections.py", line 1099, in _get_server_information
    packet = self._read_packet()
             ^^^^^^^^^^^^^^^^^^^
  File "/home/admin/Finpolaris-stock-trace-server/venv/lib/python3.12/site-packages/pymysql/connections.py", line 782, in _read_packet
    packet.raise_for_error()
  File "/home/admin/Finpolaris-stock-trace-server/venv/lib/python3.12/site-packages/pymysql/protocol.py", line 219, in raise_for_error
    err.raise_mysql_exception(self._data)
  File "/home/admin/Finpolaris-stock-trace-server/venv/lib/python3.12/site-packages/pymysql/err.py", line 150, in raise_mysql_exception
    raise errorclass(errno, errval)
pymysql.err.OperationalError: (1130, "Host 'iZt4nf2srvr8evpn8odxh0Z' is not allowed to connect to this MySQL server")
124.70.231.33 - - [14/Mar/2026 07:32:47] "OPTIONS /data_trace HTTP/1.1" 200 -
124.70.231.33 - - [14/Mar/2026 07:32:47] "[35m[1mPOST /data_trace HTTP/1.1[0m" 500 -
Traceback (most recent call last):
  File "/home/admin/Finpolaris-stock-trace-server/venv/lib/python3.12/site-packages/flask/app.py", line 1536, in __call__
    return self.wsgi_app(environ, start_response)
           ^^^^^^^^^^^^^^^^^^^^^^^^^^^^^^^^^^^^^^
  File "/home/admin/Finpolaris-stock-trace-server/venv/lib/python3.12/site-packages/flask/app.py", line 1514, in wsgi_app
    response = self.handle_exception(e)
               ^^^^^^^^^^^^^^^^^^^^^^^^
  File "/home/admin/Finpolaris-stock-trace-server/venv/lib/python3.12/site-packages/flask_cors/extension.py", line 176, in wrapped_function
    return cors_after_request(app.make_response(f(*args, **kwargs)))
                                                ^^^^^^^^^^^^^^^^^^^^
  File "/home/admin/Finpolaris-stock-trace-server/venv/lib/python3.12/site-packages/flask/app.py", line 1511, in wsgi_app
    response = self.full_dispatch_request()
               ^^^^^^^^^^^^^^^^^^^^^^^^^^^^
  File "/home/admin/Finpolaris-stock-trace-server/venv/lib/python3.12/site-packages/flask/app.py", line 919, in full_dispatch_request
    rv = self.handle_user_exception(e)
         ^^^^^^^^^^^^^^^^^^^^^^^^^^^^^
  File "/home/admin/Finpolaris-stock-trace-server/venv/lib/python3.12/site-packages/flask_cors/extension.py", line 176, in wrapped_function
    return cors_after_request(app.make_response(f(*args, **kwargs)))
                                                ^^^^^^^^^^^^^^^^^^^^
  File "/home/admin/Finpolaris-stock-trace-server/venv/lib/python3.12/site-packages/flask/app.py", line 917, in full_dispatch_request
    rv = self.dispatch_request()
         ^^^^^^^^^^^^^^^^^^^^^^^
  File "/home/admin/Finpolaris-stock-trace-server/venv/lib/python3.12/site-packages/flask/app.py", line 902, in dispatch_request
    return self.ensure_sync(self.view_functions[rule.endpoint])(**view_args)  # type: ignore[no-any-return]
           ^^^^^^^^^^^^^^^^^^^^^^^^^^^^^^^^^^^^^^^^^^^^^^^^^^^^^^^^^^^^^^^^^^^^^^^^^^^^^^^^^^^^^^^^^^^^^^^^
  File "/home/admin/Finpolaris-stock-trace-server/app.py", line 175, in data_trace
    conn = get_db_connection()
           ^^^^^^^^^^^^^^^^^^^
  File "/home/admin/Finpolaris-stock-trace-server/app.py", line 29, in get_db_connection
    return pymysql.connect(**DB_CONFIG)
           ^^^^^^^^^^^^^^^^^^^^^^^^^^^^
  File "/home/admin/Finpolaris-stock-trace-server/venv/lib/python3.12/site-packages/pymysql/connections.py", line 365, in __init__
    self.connect()
  File "/home/admin/Finpolaris-stock-trace-server/venv/lib/python3.12/site-packages/pymysql/connections.py", line 680, in connect
    self._get_server_information()
  File "/home/admin/Finpolaris-stock-trace-server/venv/lib/python3.12/site-packages/pymysql/connections.py", line 1099, in _get_server_information
    packet = self._read_packet()
             ^^^^^^^^^^^^^^^^^^^
  File "/home/admin/Finpolaris-stock-trace-server/venv/lib/python3.12/site-packages/pymysql/connections.py", line 782, in _read_packet
    packet.raise_for_error()
  File "/home/admin/Finpolaris-stock-trace-server/venv/lib/python3.12/site-packages/pymysql/protocol.py", line 219, in raise_for_error
    err.raise_mysql_exception(self._data)
  File "/home/admin/Finpolaris-stock-trace-server/venv/lib/python3.12/site-packages/pymysql/err.py", line 150, in raise_mysql_exception
    raise errorclass(errno, errval)
pymysql.err.OperationalError: (1130, "Host 'iZt4nf2srvr8evpn8odxh0Z' is not allowed to connect to this MySQL server")
